10/7/13 11:50:37 PM - 10: org.apache.uima.adapter.jms.service.UIMA_Service.initialize(68): INFO: UIMA-AS version 2.4.0
10/7/13 11:50:41 PM - 10: org.apache.uima.aae.controller.BaseAnalysisEngineController.logPlatformInfo: INFO: 
+------------------------------------------------------------------
                   Starting UIMA AS Service - PID: 13156
+------------------------------------------------------------------
+ Service Name:hw2-ankurgan-aae
+ Service Queue Name:QASystem
+ Service Start Time:07 Oct 2013 23:50:35 
+ UIMA AS Version:2.4.0
+ UIMA Core Version:2.4.0
+ JMS Provider Home:C:\uima\apache-uima-as-2.4.0\apache-activemq-5.4.1
+ OS Name:Windows 8
+ OS Version:6.2
+ OS Architecture:amd64
+ OS CPU Count:8
+ JVM Vendor:Sun Microsystems Inc.
+ JVM Name:Java HotSpot(TM) 64-Bit Server VM
+ JVM Version:20.45-b01
+ JVM Input Args:[-DVNS_HOST=localhost, -DVNS_PORT=9000, -Duima.home=C:\uima\apache-uima-as-2.4.0, -Duima.datapath=, -Djava.util.logging.config.file=C:\uima\apache-uima-as-2.4.0\config\Logger.properties, -Duima.tools.cvd.manpath.notset, -Xms128M, -Xmx800M, -Dlog4j.configuration=file:C:\uima\apache-uima-as-2.4.0\as_config\uimaAsLog4j.properties, -DUimaBootstrapSuppressClassPathDisplay, -Dorg.apache.uima.jarpath=;C:\uima\apache-uima-as-2.4.0\examples\resources;C:\uima\apache-uima-as-2.4.0\lib;C:\uima\apache-uima-as-2.4.0\lib\xmlbeans;;C:\uima\apache-uima-as-2.4.0\apache-activemq-5.4.1;C:\uima\apache-uima-as-2.4.0\apache-activemq-5.4.1\lib;C:\uima\apache-uima-as-2.4.0\apache-activemq-5.4.1\lib\optional;.;C:\Program, Files, (x86)\Java\jre7\lib\ext\QTJava.zip]
+ JVM Classpath:C:\uima\apache-uima-as-2.4.0\lib\uimaj-bootstrap.jar
+ JVM Loaded Jars:/C:/uima/apache-uima-as-2.4.0/lib/uimaj-bootstrap.jar;/C:/uima/apache-uima-as-2.4.0/examples/resources/;/C:/uima/apache-uima-as-2.4.0/lib/hw3-ankurgan-0.0.4-SNAPSHOT-jar-with-dependencies.jar;/C:/uima/apache-uima-as-2.4.0/lib/jVinci.jar;/C:/uima/apache-uima-as-2.4.0/lib/uima-adapter-soap.jar;/C:/uima/apache-uima-as-2.4.0/lib/uima-adapter-vinci.jar;/C:/uima/apache-uima-as-2.4.0/lib/uima-core.jar;/C:/uima/apache-uima-as-2.4.0/lib/uima-cpe.jar;/C:/uima/apache-uima-as-2.4.0/lib/uima-document-annotation.jar;/C:/uima/apache-uima-as-2.4.0/lib/uima-examples.jar;/C:/uima/apache-uima-as-2.4.0/lib/uima-tools.jar;/C:/uima/apache-uima-as-2.4.0/lib/uimaj-as-activemq.jar;/C:/uima/apache-uima-as-2.4.0/lib/uimaj-as-camel.jar;/C:/uima/apache-uima-as-2.4.0/lib/uimaj-as-core.jar;/C:/uima/apache-uima-as-2.4.0/lib/uimaj-as-jms.jar;/C:/uima/apache-uima-as-2.4.0/lib/xmlbeans.jar;/C:/uima/apache-uima-as-2.4.0/apache-activemq-5.4.1/activemq-all-5.4.1.jar;/C:/uima/apache-uima-as-2.4.0/apache-activemq-5.4.1/lib/activemq-camel-5.4.1.jar;/C:/uima/apache-uima-as-2.4.0/apache-activemq-5.4.1/lib/activemq-console-5.4.1.jar;/C:/uima/apache-uima-as-2.4.0/apache-activemq-5.4.1/lib/activemq-core-5.4.1.jar;/C:/uima/apache-uima-as-2.4.0/apache-activemq-5.4.1/lib/activemq-optional-5.4.1.jar;/C:/uima/apache-uima-as-2.4.0/apache-activemq-5.4.1/lib/activemq-spring-5.4.1.jar;/C:/uima/apache-uima-as-2.4.0/apache-activemq-5.4.1/lib/commons-logging-1.1.1.jar;/C:/uima/apache-uima-as-2.4.0/apache-activemq-5.4.1/lib/geronimo-j2ee-management_1.1_spec-1.0.1.jar;/C:/uima/apache-uima-as-2.4.0/apache-activemq-5.4.1/lib/geronimo-jms_1.1_spec-1.1.jar;/C:/uima/apache-uima-as-2.4.0/apache-activemq-5.4.1/lib/kahadb-5.4.1.jar;/C:/uima/apache-uima-as-2.4.0/apache-activemq-5.4.1/lib/spring-aop-3.0.3.RELEASE.jar;/C:/uima/apache-uima-as-2.4.0/apache-activemq-5.4.1/lib/spring-asm-3.0.3.RELEASE.jar;/C:/uima/apache-uima-as-2.4.0/apache-activemq-5.4.1/lib/spring-beans-3.0.3.RELEASE.jar;/C:/uima/apache-uima-as-2.4.0/apache-activemq-5.4.1/lib/spring-context-3.0.3.RELEASE.jar;/C:/uima/apache-uima-as-2.4.0/apache-activemq-5.4.1/lib/spring-core-3.0.3.RELEASE.jar;/C:/uima/apache-uima-as-2.4.0/apache-activemq-5.4.1/lib/spring-expression-3.0.3.RELEASE.jar;/C:/uima/apache-uima-as-2.4.0/apache-activemq-5.4.1/lib/spring-jms-3.0.3.RELEASE.jar;/C:/uima/apache-uima-as-2.4.0/apache-activemq-5.4.1/lib/spring-tx-3.0.3.RELEASE.jar;/C:/uima/apache-uima-as-2.4.0/apache-activemq-5.4.1/lib/xbean-spring-3.7.jar;/C:/uima/apache-uima-as-2.4.0/apache-activemq-5.4.1/lib/optional/commons-codec-1.2.jar;/C:/uima/apache-uima-as-2.4.0/apache-activemq-5.4.1/lib/optional/commons-httpclient-3.1.jar;/C:/uima/apache-uima-as-2.4.0/apache-activemq-5.4.1/lib/optional/geronimo-servlet_2.5_spec-1.2.jar;/C:/uima/apache-uima-as-2.4.0/apache-activemq-5.4.1/lib/optional/jetty-all-server-7.0.1.v20091125.jar;/C:/uima/apache-uima-as-2.4.0/apache-activemq-5.4.1/lib/optional/log4j-1.2.14.jar;/C:/uima/apache-uima-as-2.4.0/apache-activemq-5.4.1/lib/optional/xmlpull-1.1.3.4d_b4_min.jar;/C:/uima/apache-uima-as-2.4.0/apache-activemq-5.4.1/lib/optional/xstream-1.3.1.jar;/C:/Users/gandhe/git/hw3-ankurgan/hw3-ankurgan/src/main/resources/./;
+ JVM LIB_PATH:C:\Program Files\Java\jdk1.6.0_45\bin;C:\WINDOWS\Sun\Java\bin;C:\WINDOWS\system32;C:\WINDOWS;C:\uima\apache-uima-as-2.4.0\uimacpp\bin;C:\uima\apache-uima-as-2.4.0\uimacpp\examples\tutorial\src;C:\PROGRAM FILES (X86)\HASKELL\BIN;C:\PROGRAM FILES (X86)\HASKELL PLATFORM\2012.4.0.0\LIB\EXTRALIBS\BIN;C:\PROGRAM FILES (X86)\HASKELL PLATFORM\2012.4.0.0\BIN;C:\PROGRAM FILES (X86)\INTEL\ICLS CLIENT\;C:\PROGRAM FILES\INTEL\ICLS CLIENT\;C:\WINDOWS\SYSTEM32;C:\WINDOWS;C:\WINDOWS\SYSTEM32\WBEM;C:\WINDOWS\SYSTEM32\WINDOWSPOWERSHELL\V1.0\;C:\PROGRAM FILES\INTEL\WIFI\BIN\;C:\PROGRAM FILES\COMMON FILES\INTEL\WIRELESSCOMMON\;C:\PROGRAM FILES\INTEL\INTEL(R) MANAGEMENT ENGINE COMPONENTS\DAL;C:\PROGRAM FILES\INTEL\INTEL(R) MANAGEMENT ENGINE COMPONENTS\IPT;C:\PROGRAM FILES (X86)\INTEL\INTEL(R) MANAGEMENT ENGINE COMPONENTS\DAL;C:\PROGRAM FILES (X86)\INTEL\INTEL(R) MANAGEMENT ENGINE COMPONENTS\IPT;C:\PROGRAM FILES (X86)\INTEL\OPENCL SDK\2.0\BIN\X86;C:\PROGRAM FILES (X86)\INTEL\OPENCL SDK\2.0\BIN\X64;C:\PROGRAM FILES (X86)\MIKTEX 2.9\MIKTEX\BIN\;C:\PROGRAM FILES (X86)\HASKELL PLATFORM\2012.4.0.0\MINGW\BIN;C:\WINDOWS\system32;C:\WINDOWS;C:\WINDOWS\System32\Wbem;C:\WINDOWS\System32\WindowsPowerShell\v1.0\;C:\Program Files\Lenovo\Bluetooth Software\;C:\Program Files\Lenovo\Bluetooth Software\syswow64;C:\Program Files\MATLAB\R2012b\runtime\win64;C:\Program Files\MATLAB\R2012b\bin;C:\Program Files (x86)\QuickTime\QTSystem\;C:\Program Files (x86)\MySQL\MySQL Utilities 1.3.4\;C:\Program Files\Java\jdk1.6.0_45\bin;C:\apache-maven-3.1.0-bin\apache-maven-3.1.0\bin;C:\Users\gandhe\AppData\Roaming\cabal\bin;C:\Program Files\Intel\WiFi\bin\;C:\Program Files\Common Files\Intel\WirelessCommon\;C:\Program Files (x86)\Git\bin;;C:\uima\apache-uima-as-2.4.0\bin;.
+------------------------------------------------------------------ 
10/7/13 11:50:42 PM - 10: org.apache.uima.adapter.jms.activemq.JmsInputChannel.setEndpointName: INFO: top_level_input_queue_service_1 Service Starting - Listening for Messages 
10/7/13 11:50:42 PM - 11: org.apache.uima.aae.UimaAsThreadFactory$1.UimaAsThreadFactory.run(): INFO: Controller: hw2-ankurgan-aae Initializing AE instance on Thread Id: 12
10/7/13 11:50:42 PM - 10: org.apache.uima.adapter.jms.activemq.SpringContainerDeployer.waitForServiceNotification: INFO: Uima EE Client Blocking - Awaiting Top Level Controller Initialization Notification
10/7/13 11:50:42 PM - 10: org.apache.uima.adapter.jms.activemq.SpringContainerDeployer.doStartListeners: INFO: Controller: hw2-ankurgan-aae Starting Listener on Endpoint: queue://QASystem Selector: Command=2000 OR Command=2002 Broker: tcp://localhost:61616
10/7/13 11:50:42 PM - 11: org.apache.uima.aae.controller.PrimitiveAnalysisEngineController_impl.postInitialize: INFO: ********* Initialized the Controller. hw2-ankurgan-aae Ready To Process. ********
10/7/13 11:50:43 PM - 10: org.apache.uima.adapter.jms.activemq.SpringContainerDeployer.doStartListeners: INFO: Controller: hw2-ankurgan-aae Starting Listener on Endpoint: queue://QASystem Selector: Command=2001 Broker: tcp://localhost:61616
10/7/13 11:51:39 PM - 10: org.apache.uima.aae.controller.PrimitiveAnalysisEngineController_impl.quiesceAndStop: INFO: Stopping Controller: hw2-ankurgan-aae
10/7/13 11:51:39 PM - 10: org.apache.uima.adapter.jms.activemq.JmsInputChannel.stopChannel: INFO: Stopping Service JMS Transport. Service: QASystem ShutdownNow false
10/7/13 11:51:39 PM - 10: org.apache.uima.adapter.jms.activemq.JmsInputChannel.stopChannel: INFO: Controller: hw2-ankurgan-aae Stopped Listener on Endpoint: queue://QASystem Selector:  Selector:Command=2000 OR Command=2002. 
10/7/13 11:51:39 PM - 10: org.apache.uima.adapter.jms.activemq.JmsInputChannel.stopChannel: INFO: Stopping Service JMS Transport. Service: QASystem ShutdownNow false
10/7/13 11:51:39 PM - 10: org.apache.uima.adapter.jms.activemq.JmsInputChannel.stopChannel: INFO: Controller: hw2-ankurgan-aae Stopped Listener on Endpoint: queue://QASystem Selector:  Selector:Command=2001. 
10/7/13 11:51:41 PM - 10: org.apache.uima.adapter.jms.activemq.JmsInputChannel.stopChannel: INFO: Stopping Service JMS Transport. Service: QASystem ShutdownNow true
10/7/13 11:51:41 PM - 10: org.apache.uima.adapter.jms.activemq.JmsInputChannel.stopChannel: INFO: Controller: hw2-ankurgan-aae Stopped Listener on Endpoint: queue://QASystem Selector:  Selector:Command=2000 OR Command=2002. 
10/7/13 11:51:41 PM - 10: org.apache.uima.adapter.jms.activemq.JmsInputChannel.stopChannel: INFO: Stopping Service JMS Transport. Service: QASystem ShutdownNow true
10/7/13 11:51:41 PM - 10: org.apache.uima.adapter.jms.activemq.JmsInputChannel.stopChannel: INFO: Controller: hw2-ankurgan-aae Stopped Listener on Endpoint: queue://QASystem Selector:  Selector:Command=2001. 
10/7/13 11:51:41 PM - 10: org.apache.uima.aae.controller.PrimitiveAnalysisEngineController_impl.stop: INFO: Stopping Controller: hw2-ankurgan-aae
10/7/13 11:51:41 PM - 11: org.apache.uima.aae.UimaAsThreadFactory$1.UimaAsThreadFactory.run(): INFO: Controller: hw2-ankurgan-aae --------------- Process Thread ID:12 EXITING
10/7/13 11:51:41 PM - 10: org.apache.uima.adapter.jms.activemq.JmsOutputChannel.stop: INFO: Controller: QASystem Aborted Connection To Endpoint: ID:gandhe-PC-64250-1381203559491-0:1:1 and Broker Uri: tcp://localhost:61616
10/7/13 11:51:41 PM - 11: org.apache.uima.aae.UimaAsThreadFactory$1.UimaAsThreadFactory.run(): INFO: Controller: hw2-ankurgan-aae --------------- AE destroy() Method Call Returned ID:12
10/7/13 11:51:41 PM - 10: org.apache.uima.adapter.jms.activemq.JmsOutputChannel.stop: INFO: Controller: QASystem Output Channel Shutdown Completed
